{"name": "test_create_issue", "status": "broken", "statusDetails": {"message": "selenium.common.exceptions.TimeoutException: Message: \nStacktrace:\n\tGetHandleVerifier [0x00007FF760DFFE45+26629]\n\t(No symbol) [0x00007FF760D66010]\n\t(No symbol) [0x00007FF760BF931A]\n\t(No symbol) [0x00007FF760C4F8E7]\n\t(No symbol) [0x00007FF760C4FB1C]\n\t(No symbol) [0x00007FF760CA34A7]\n\t(No symbol) [0x00007FF760C77AEF]\n\t(No symbol) [0x00007FF760CA0169]\n\t(No symbol) [0x00007FF760C77883]\n\t(No symbol) [0x00007FF760C40550]\n\t(No symbol) [0x00007FF760C41803]\n\tGetHandleVerifier [0x00007FF7611572BD+3529853]\n\tGetHandleVerifier [0x00007FF76116DA22+3621858]\n\tGetHandleVerifier [0x00007FF7611624D3+3575443]\n\tGetHandleVerifier [0x00007FF760ECB77A+860474]\n\t(No symbol) [0x00007FF760D7088F]\n\t(No symbol) [0x00007FF760D6CBC4]\n\t(No symbol) [0x00007FF760D6CD66]\n\t(No symbol) [0x00007FF760D5C2C9]\n\tBaseThreadInitThunk [0x00007FFC1E6EE8D7+23]\n\tRtlUserThreadStart [0x00007FFC1F9DBF6C+44]", "trace": "def test_create_issue():\n        driver = get_driver()\n        login_page = LoginPage(driver)\n        repo_page = RepositoryPage(driver)\n        issue_page = IssuesPage(driver)\n        # Login to GitHub\n        login_page.launch_application(\"https://github.com/login\")\n        login_page.login(\"GitHub\")\n    \n        repo_name = \"test-repo\"\n    \n        # Check if repo exists\n>       if repo_page.is_repository_present(repo_name):\n\ntests\\ui_tests\\test_issues.py:21: \n_ _ _ _ _ _ _ _ _ _ _ _ _ _ _ _ _ _ _ _ _ _ _ _ _ _ _ _ _ _ _ _ _ _ _ _ _ _ _ _\npages\\repository_page.py:77: in is_repository_present\n    repo_element = self.find_element_by_text(repo_name)\npages\\base_page.py:36: in find_element_by_text\n    return WebDriverWait(self.driver, 10).until(EC.visibility_of_element_located((By.XPATH, xpath)))\n_ _ _ _ _ _ _ _ _ _ _ _ _ _ _ _ _ _ _ _ _ _ _ _ _ _ _ _ _ _ _ _ _ _ _ _ _ _ _ _\n\nself = <selenium.webdriver.support.wait.WebDriverWait (session=\"293d7a7d288eaf5881cad14c0d9f8098\")>\nmethod = <function visibility_of_element_located.<locals>._predicate at 0x0000024EF8417560>\nmessage = ''\n\n    def until(self, method: Callable[[D], Union[Literal[False], T]], message: str = \"\") -> T:\n        \"\"\"Wait until the method returns a value that is not False.\n    \n        Calls the method provided with the driver as an argument until the\n        return value does not evaluate to ``False``.\n    \n        Parameters:\n        ----------\n        method: callable(WebDriver)\n            - A callable object that takes a WebDriver instance as an argument.\n    \n        message: str\n            - Optional message for :exc:`TimeoutException`\n    \n        Return:\n        -------\n        object: T\n            - The result of the last call to `method`\n    \n        Raises:\n        -------\n        TimeoutException\n            - If 'method' does not return a truthy value within the WebDriverWait\n            object's timeout\n    \n        Example:\n        --------\n        >>> from selenium.webdriver.common.by import By\n        >>> from selenium.webdriver.support.ui import WebDriverWait\n        >>> from selenium.webdriver.support import expected_conditions as EC\n    \n        # Wait until an element is visible on the page\n        >>> wait = WebDriverWait(driver, 10)\n        >>> element = wait.until(EC.visibility_of_element_located((By.ID, \"exampleId\")))\n        >>> print(element.text)\n        \"\"\"\n        screen = None\n        stacktrace = None\n    \n        end_time = time.monotonic() + self._timeout\n        while True:\n            try:\n                value = method(self._driver)\n                if value:\n                    return value\n            except self._ignored_exceptions as exc:\n                screen = getattr(exc, \"screen\", None)\n                stacktrace = getattr(exc, \"stacktrace\", None)\n            if time.monotonic() > end_time:\n                break\n            time.sleep(self._poll)\n>       raise TimeoutException(message, screen, stacktrace)\nE       selenium.common.exceptions.TimeoutException: Message: \nE       Stacktrace:\nE       \tGetHandleVerifier [0x00007FF760DFFE45+26629]\nE       \t(No symbol) [0x00007FF760D66010]\nE       \t(No symbol) [0x00007FF760BF931A]\nE       \t(No symbol) [0x00007FF760C4F8E7]\nE       \t(No symbol) [0x00007FF760C4FB1C]\nE       \t(No symbol) [0x00007FF760CA34A7]\nE       \t(No symbol) [0x00007FF760C77AEF]\nE       \t(No symbol) [0x00007FF760CA0169]\nE       \t(No symbol) [0x00007FF760C77883]\nE       \t(No symbol) [0x00007FF760C40550]\nE       \t(No symbol) [0x00007FF760C41803]\nE       \tGetHandleVerifier [0x00007FF7611572BD+3529853]\nE       \tGetHandleVerifier [0x00007FF76116DA22+3621858]\nE       \tGetHandleVerifier [0x00007FF7611624D3+3575443]\nE       \tGetHandleVerifier [0x00007FF760ECB77A+860474]\nE       \t(No symbol) [0x00007FF760D7088F]\nE       \t(No symbol) [0x00007FF760D6CBC4]\nE       \t(No symbol) [0x00007FF760D6CD66]\nE       \t(No symbol) [0x00007FF760D5C2C9]\nE       \tBaseThreadInitThunk [0x00007FFC1E6EE8D7+23]\nE       \tRtlUserThreadStart [0x00007FFC1F9DBF6C+44]\n\n.venv\\Lib\\site-packages\\selenium\\webdriver\\support\\wait.py:146: TimeoutException"}, "attachments": [{"name": "stdout", "source": "403cd2b2-4caa-437a-bd4c-c926056a4213-attachment.txt", "type": "text/plain"}], "start": 1742149983389, "stop": 1742150001691, "uuid": "a35afa98-399d-4c4f-92bf-5c57b8a6a0d2", "historyId": "bd97fe19277e40a8a2b9624c892e56bd", "testCaseId": "bd97fe19277e40a8a2b9624c892e56bd", "fullName": "tests.ui_tests.test_issues#test_create_issue", "labels": [{"name": "parentSuite", "value": "tests.ui_tests"}, {"name": "suite", "value": "test_issues"}, {"name": "host", "value": "BHUVANSPC"}, {"name": "thread", "value": "22540-MainThread"}, {"name": "framework", "value": "pytest"}, {"name": "language", "value": "cpython3"}, {"name": "package", "value": "tests.ui_tests.test_issues"}]}